C51 COMPILER V9.54   MAIN                                                                  06/10/2023 16:13:20 PAGE 1   


C51 COMPILER V9.54, COMPILATION OF MODULE MAIN
OBJECT MODULE PLACED IN .\Objects\main.obj
COMPILER INVOKED BY: D:\Keli5\C51\BIN\C51.EXE main.c OPTIMIZE(8,SPEED) BROWSE DEBUG OBJECTEXTEND PRINT(.\Listings\main.l
                    -st) OBJECT(.\Objects\main.obj)

line level    source

   1          #include <REGX52.H>
   2          
   3          void Nixie(unsigned char Location,Number);
   4          void Delay(unsigned int xms);
   5          unsigned char NixieTable[]={0x3F,0x06,0x5B,0x4F,0x66,0x6D,0x7D,0x07,0x7F,0x6F};
   6          
   7          void main(){
   8   1              while(1){
   9   2                      Nixie(1,1);
  10   2                      Delay(200);
  11   2                      Nixie(2,2);
  12   2                      Delay(200);
  13   2                      Nixie(3,3);
  14   2                      Delay(200);
  15   2                      Nixie(4,4);
  16   2                      Delay(200);
  17   2              }
  18   1      }
  19          
  20          
  21          void Nixie(unsigned char Location,Number){
  22   1              switch(Location)
  23   1              {
  24   2                      case 1:
  25   2                              P2_4=1;
  26   2                              P2_3=1;
  27   2                              P2_2=1;
  28   2                              break;
  29   2                      case 2:
  30   2                              P2_4=1;
  31   2                              P2_3=1;
  32   2                              P2_2=0;
  33   2                              break;
  34   2                      case 3:
  35   2                              P2_4=1;
  36   2                              P2_3=0;
  37   2                              P2_2=1;
  38   2                              break;
  39   2                      case 4:
  40   2                              P2_4=1;
  41   2                              P2_3=0;
  42   2                              P2_2=0;
  43   2                              break;
  44   2                      case 5:
  45   2                              P2_4=0;
  46   2                              P2_3=1;
  47   2                              P2_2=1;
  48   2                              break;
  49   2                      case 6:
  50   2                              P2_4=0;
  51   2                              P2_3=1;
  52   2                              P2_2=0;
  53   2                              break;
  54   2                      case 7:
C51 COMPILER V9.54   MAIN                                                                  06/10/2023 16:13:20 PAGE 2   

  55   2                              P2_4=0;
  56   2                              P2_3=0;
  57   2                              P2_2=1;
  58   2                              break;
  59   2                      case 8:
  60   2                              P2_4=0;
  61   2                              P2_3=0;
  62   2                              P2_2=0;
  63   2                              break;
  64   2              }
  65   1              P0=NixieTable[Number];
  66   1      }
  67          
  68          void Delay(unsigned int xms)            //@12.000MHz
  69          {
  70   1              
  71   1              while(xms--){
  72   2                      unsigned char i, j;
  73   2      
  74   2                      i = 2;
  75   2                      j = 239;
  76   2                      do
  77   2                      {
  78   3                              while (--j);
  79   3                      } while (--i);
  80   2              }
  81   1      }


MODULE INFORMATION:   STATIC OVERLAYABLE
   CODE SIZE        =    178    ----
   CONSTANT SIZE    =   ----    ----
   XDATA SIZE       =   ----    ----
   PDATA SIZE       =   ----    ----
   DATA SIZE        =     10       2
   IDATA SIZE       =   ----    ----
   BIT SIZE         =   ----    ----
END OF MODULE INFORMATION.


C51 COMPILATION COMPLETE.  0 WARNING(S),  0 ERROR(S)
