C51 COMPILER V9.54   MAIN                                                                  06/10/2023 21:57:05 PAGE 1   


C51 COMPILER V9.54, COMPILATION OF MODULE MAIN
OBJECT MODULE PLACED IN .\Objects\MAIN.obj
COMPILER INVOKED BY: D:\Keli5\C51\BIN\C51.EXE MAIN.c OPTIMIZE(8,SPEED) BROWSE DEBUG OBJECTEXTEND PRINT(.\Listings\MAIN.l
                    -st) OBJECT(.\Objects\MAIN.obj)

line level    source

   1          #include <REGX52.H>
   2          #include "LCD1602.h"
   3          void main(){
   4   1              LCD_Init();
   5   1              LCD_ShowChar(1,1,'A');
   6   1              LCD_ShowString(1,3,"Hello");
   7   1              LCD_ShowNum(1,9,123,3);
   8   1              while(1){
   9   2                      
  10   2              }
  11   1      }


MODULE INFORMATION:   STATIC OVERLAYABLE
   CODE SIZE        =     41    ----
   CONSTANT SIZE    =      6    ----
   XDATA SIZE       =   ----    ----
   PDATA SIZE       =   ----    ----
   DATA SIZE        =   ----    ----
   IDATA SIZE       =   ----    ----
   BIT SIZE         =   ----    ----
END OF MODULE INFORMATION.


C51 COMPILATION COMPLETE.  0 WARNING(S),  0 ERROR(S)
