C51 COMPILER V9.54   MAIN                                                                  06/08/2023 18:10:49 PAGE 1   


C51 COMPILER V9.54, COMPILATION OF MODULE MAIN
OBJECT MODULE PLACED IN .\Objects\main.obj
COMPILER INVOKED BY: D:\Keli5\C51\BIN\C51.EXE main.c OPTIMIZE(8,SPEED) BROWSE DEBUG OBJECTEXTEND PRINT(.\Listings\main.l
                    -st) OBJECT(.\Objects\main.obj)

line level    source

   1          #include <REGX52.H>
   2          void Delay(unsigned int xms)            //@12.000MHz
   3          {
   4   1              unsigned char i, j;
   5   1              while(xms){
   6   2                      i = 2;
   7   2                      j = 239;
   8   2                      do
   9   2                      {
  10   3                              while (--j);
  11   3                      } while (--i);
  12   2                      xms--;
  13   2              }
  14   1      }
  15          
  16          void main(){
  17   1              while(1){
  18   2                      if(P3_1==0){
  19   3                              Delay(20);
  20   3                              while(P3_1==0){
  21   4                                      
  22   4                              }
  23   3                              Delay(20);
  24   3                              P2_0=~P2_0;
  25   3                      }
  26   2              }
  27   1      
  28   1      }


MODULE INFORMATION:   STATIC OVERLAYABLE
   CODE SIZE        =     44    ----
   CONSTANT SIZE    =   ----    ----
   XDATA SIZE       =   ----    ----
   PDATA SIZE       =   ----    ----
   DATA SIZE        =   ----    ----
   IDATA SIZE       =   ----    ----
   BIT SIZE         =   ----    ----
END OF MODULE INFORMATION.


C51 COMPILATION COMPLETE.  0 WARNING(S),  0 ERROR(S)
