*** Using Compiler 'V5.06 update 5 (build 528)', folder: 'D:\KEIL5\ARM\ARMCC\Bin'
Build target 'LY-STM32'
assembling startup_stm32f10x_hd.s...
compiling stm32f10x_rcc.c...
compiling stm32f10x_gpio.c...
compiling core_cm3.c...
compiling stm32f10x_it.c...
compiling stm32f10x_usart.c...
compiling misc.c...
compiling pbdata.c...
compiling system_stm32f10x.c...
compiling stm32f10x_exti.c...
compiling mpu9150.c...
compiling I2C.c...
compiling main.c...
compiling stm32f10x_tim.c...
linking...
Program Size: Code=8044 RO-data=336 RW-data=72 ZI-data=1024  
FromELF: creating hex file...
".\LY-STM32.axf" - 0 Error(s), 0 Warning(s).
Build Time Elapsed:  00:00:01
