C51 COMPILER V9.54   MAIN                                                                  06/10/2023 14:37:05 PAGE 1   


C51 COMPILER V9.54, COMPILATION OF MODULE MAIN
OBJECT MODULE PLACED IN .\Objects\main.obj
COMPILER INVOKED BY: D:\Keli5\C51\BIN\C51.EXE main.c OPTIMIZE(8,SPEED) BROWSE DEBUG OBJECTEXTEND PRINT(.\Listings\main.l
                    -st) OBJECT(.\Objects\main.obj)

line level    source

   1          #include <REGX52.H>
   2          
   3          void Nixie(unsigned char Location,Number);
   4          
   5          unsigned char NixieTable[]={0x3F,0x06,0x5B,0x4F,0x66,0x6D,0x7D,0x07,0x7F,0x6F};
   6          
   7          void main(){
   8   1              Nixie(7,2);
   9   1              while(1){
  10   2                      
  11   2              }
  12   1      }
  13          
  14          
  15          void Nixie(unsigned char Location,Number){
  16   1              switch(Location)
  17   1              {
  18   2                      case 1:
  19   2                              P2_4=1;
  20   2                              P2_3=1;
  21   2                              P2_2=1;
  22   2                              break;
  23   2                      case 2:
  24   2                              P2_4=1;
  25   2                              P2_3=1;
  26   2                              P2_2=0;
  27   2                              break;
  28   2                      case 3:
  29   2                              P2_4=1;
  30   2                              P2_3=0;
  31   2                              P2_2=1;
  32   2                              break;
  33   2                      case 4:
  34   2                              P2_4=1;
  35   2                              P2_3=0;
  36   2                              P2_2=0;
  37   2                              break;
  38   2                      case 5:
  39   2                              P2_4=0;
  40   2                              P2_3=1;
  41   2                              P2_2=1;
  42   2                              break;
  43   2                      case 6:
  44   2                              P2_4=0;
  45   2                              P2_3=1;
  46   2                              P2_2=0;
  47   2                              break;
  48   2                      case 7:
  49   2                              P2_4=0;
  50   2                              P2_3=0;
  51   2                              P2_2=1;
  52   2                              break;
  53   2                      case 8:
  54   2                              P2_4=0;
C51 COMPILER V9.54   MAIN                                                                  06/10/2023 14:37:05 PAGE 2   

  55   2                              P2_3=0;
  56   2                              P2_2=0;
  57   2                              break;
  58   2              }
  59   1              P0=NixieTable[Number];
  60   1      }


MODULE INFORMATION:   STATIC OVERLAYABLE
   CODE SIZE        =    110    ----
   CONSTANT SIZE    =   ----    ----
   XDATA SIZE       =   ----    ----
   PDATA SIZE       =   ----    ----
   DATA SIZE        =     10    ----
   IDATA SIZE       =   ----    ----
   BIT SIZE         =   ----    ----
END OF MODULE INFORMATION.


C51 COMPILATION COMPLETE.  0 WARNING(S),  0 ERROR(S)
